2026-06-20 14:44:20 [INFO   ] 🚀 Server running at http://localhost:8000
2026-06-20 14:44:20 [INFO   ] 📦 Auto-backup saved: /Users/hug0.nef/PycharmProjects/vcc-countdownctrl/backups/county_2026-06-20.json
2026-06-20 14:44:20 [INFO   ] 🕒 NTP syncing to stdtime.gov.hk...
2026-06-20 14:44:25 [WARN   ] ⚠️ NTP initial sync: error — No response received from stdtime.gov.hk.
2026-06-20 14:44:25 [INFO   ] 🔄 NTP auto-sync thread started (interval: 600s)
2026-06-20 14:48:28 [INFO   ] 🚀 Server running at http://localhost:8000
2026-06-20 14:48:28 [INFO   ] 🕒 NTP syncing to stdtime.gov.hk...
2026-06-20 14:48:28 [INFO   ] ✅ NTP synced: offset=44.36ms
2026-06-20 14:48:28 [INFO   ] 🔄 NTP auto-sync thread started (interval: 600s)
2026-06-20 14:58:28 [INFO   ] 🕒 NTP auto-sync: connected (offset=45.24ms)
2026-06-20 15:08:33 [WARN   ] ⚠️ NTP auto-sync: fallback — No response received from stdtime.gov.hk.
2026-06-20 15:13:24 [INFO   ] 🚀 Server running at http://localhost:8000
2026-06-20 15:13:24 [INFO   ] 🕒 NTP syncing to stdtime.gov.hk...
2026-06-20 15:13:29 [WARN   ] ⚠️ NTP initial sync: error — No response received from stdtime.gov.hk.
2026-06-20 15:13:29 [INFO   ] 🔄 NTP auto-sync thread started (interval: 600s)
2026-06-20 15:17:07 [INFO   ] 🚀 Server running at http://localhost:8000
2026-06-20 15:17:07 [INFO   ] 🕒 NTP syncing to stdtime.gov.hk...
2026-06-20 15:17:12 [WARN   ] ⚠️ NTP initial sync: error — No response received from stdtime.gov.hk.
2026-06-20 15:17:12 [INFO   ] 🔄 NTP auto-sync thread started (interval: 600s)
2026-06-20 15:22:44 [INFO   ] 🚀 Server running at http://localhost:8000
2026-06-20 15:22:44 [INFO   ] 🕒 NTP syncing to stdtime.gov.hk...
2026-06-20 15:22:49 [WARN   ] ⚠️ NTP initial sync: error — No response received from stdtime.gov.hk.
2026-06-20 15:22:49 [INFO   ] 🔄 NTP auto-sync thread started (interval: 600s)
2026-06-20 15:29:48 [INFO   ] 🚀 Server running at http://localhost:8000
2026-06-20 15:29:48 [INFO   ] 🕒 NTP syncing to stdtime.gov.hk...
2026-06-20 15:29:53 [WARN   ] ⚠️ NTP initial sync: error — No response received from stdtime.gov.hk.
2026-06-20 15:29:53 [INFO   ] 🔄 NTP auto-sync thread started (interval: 600s)
2026-06-20 15:32:18 [INFO   ] 🚀 Server running at http://localhost:8000
2026-06-20 15:32:18 [INFO   ] 🕒 NTP syncing to stdtime.gov.hk...
2026-06-20 15:32:19 [INFO   ] ✅ NTP synced: offset=49.35ms
2026-06-20 15:32:19 [INFO   ] 🔄 NTP auto-sync thread started (interval: 600s)
2026-06-20 15:32:35 [INFO   ] 🚀 Server running at http://localhost:8000
2026-06-20 15:32:35 [INFO   ] 🕒 NTP syncing to stdtime.gov.hk...
2026-06-20 15:32:40 [WARN   ] ⚠️ NTP initial sync: error — No response received from stdtime.gov.hk.
2026-06-20 15:32:40 [INFO   ] 🔄 NTP auto-sync thread started (interval: 600s)
2026-06-20 15:37:48 [INFO   ] 🚀 Server running at http://localhost:8000
2026-06-20 15:37:48 [INFO   ] 🕒 NTP syncing to stdtime.gov.hk...
2026-06-20 15:37:48 [INFO   ] ✅ NTP synced: offset=72.99ms
2026-06-20 15:37:48 [INFO   ] 🔄 NTP auto-sync thread started (interval: 600s)
2026-06-20 15:44:21 [INFO   ] 🚀 Server running at http://localhost:8000
2026-06-20 15:44:21 [INFO   ] 🕒 NTP syncing to stdtime.gov.hk...
2026-06-20 15:44:21 [INFO   ] ✅ NTP synced: offset=74.76ms
2026-06-20 15:44:21 [INFO   ] 🔄 NTP auto-sync thread started (interval: 600s)
2026-06-20 15:51:57 [INFO   ] 🚀 Server running at http://localhost:8000
2026-06-20 15:51:57 [INFO   ] 🕒 NTP syncing to stdtime.gov.hk...
2026-06-20 15:52:02 [WARN   ] ⚠️ NTP initial sync: error — No response received from stdtime.gov.hk.
2026-06-20 15:52:02 [INFO   ] 🔄 NTP auto-sync thread started (interval: 600s)
2026-06-20 15:59:26 [INFO   ] 🚀 Server running at http://localhost:8000
2026-06-20 15:59:26 [INFO   ] 🕒 NTP syncing to stdtime.gov.hk...
2026-06-20 15:59:26 [INFO   ] ✅ NTP synced: offset=79.02ms
2026-06-20 15:59:26 [INFO   ] 🔄 NTP auto-sync thread started (interval: 600s)
2026-06-20 16:00:55 [INFO   ] 🚀 Server running at http://localhost:8000
2026-06-20 16:00:56 [INFO   ] 🕒 NTP syncing to stdtime.gov.hk...
2026-06-20 16:01:01 [WARN   ] ⚠️ NTP initial sync: error — No response received from stdtime.gov.hk.
2026-06-20 16:01:01 [INFO   ] 🔄 NTP auto-sync thread started (interval: 600s)
2026-06-20 16:08:07 [INFO   ] 🚀 Server running at http://localhost:8000
2026-06-20 16:08:07 [INFO   ] 🕒 NTP syncing to stdtime.gov.hk...
2026-06-20 16:08:12 [WARN   ] ⚠️ NTP initial sync: error — No response received from stdtime.gov.hk.
2026-06-20 16:08:12 [INFO   ] 🔄 NTP auto-sync thread started (interval: 600s)
2026-06-20 16:15:09 [INFO   ] 🚀 Server running at http://localhost:8000
2026-06-20 16:15:09 [INFO   ] 🕒 NTP syncing to stdtime.gov.hk...
2026-06-20 16:15:09 [INFO   ] ✅ NTP synced: offset=103.72ms
2026-06-20 16:15:09 [INFO   ] 🔄 NTP auto-sync thread started (interval: 600s)
2026-06-20 16:25:09 [INFO   ] 🕒 NTP auto-sync: connected (offset=81.94ms)
2026-06-20 16:33:58 [INFO   ] 🚀 Server running at http://localhost:8000
2026-06-20 16:33:58 [INFO   ] 🕒 NTP syncing to stdtime.gov.hk...
2026-06-20 16:33:58 [INFO   ] ✅ NTP synced: offset=83.07ms
2026-06-20 16:33:58 [INFO   ] 🔄 NTP auto-sync thread started (interval: 600s)
2026-06-20 16:34:18 [INFO   ] 🚀 Server running at http://localhost:8000
2026-06-20 16:34:18 [INFO   ] 🕒 NTP syncing to stdtime.gov.hk...
2026-06-20 16:34:18 [INFO   ] ✅ NTP synced: offset=83.43ms
2026-06-20 16:34:18 [INFO   ] 🔄 NTP auto-sync thread started (interval: 600s)
2026-06-20 16:39:23 [INFO   ] 🚀 Server running at http://localhost:8000
2026-06-20 16:39:23 [INFO   ] 🕒 NTP syncing to stdtime.gov.hk...
2026-06-20 16:39:23 [INFO   ] ✅ NTP synced: offset=97.33ms
2026-06-20 16:39:23 [INFO   ] 🔄 NTP auto-sync thread started (interval: 600s)
2026-06-20 16:53:39 [INFO   ] 🚀 Server running at http://localhost:8000
2026-06-20 16:53:39 [INFO   ] 🕒 NTP syncing to stdtime.gov.hk...
2026-06-20 16:53:40 [INFO   ] ✅ NTP synced: offset=93.35ms
2026-06-20 16:53:40 [INFO   ] 🔄 NTP auto-sync thread started (interval: 600s)
2026-06-20 16:56:56 [INFO   ] 🚀 Server running at http://localhost:8000
2026-06-20 16:56:56 [INFO   ] 🕒 NTP syncing to stdtime.gov.hk...
2026-06-20 16:57:01 [WARN   ] ⚠️ NTP initial sync: error — No response received from stdtime.gov.hk.
2026-06-20 16:57:01 [INFO   ] 🔄 NTP auto-sync thread started (interval: 600s)
2026-06-20 16:57:37 [INFO   ] 🚀 Server running at http://localhost:8000
2026-06-20 16:57:37 [INFO   ] 🕒 NTP syncing to stdtime.gov.hk...
2026-06-20 16:57:42 [WARN   ] ⚠️ NTP initial sync: error — No response received from stdtime.gov.hk.
2026-06-20 16:57:42 [INFO   ] 🔄 NTP auto-sync thread started (interval: 600s)
2026-06-20 17:00:23 [INFO   ] 🚀 Server running at http://localhost:8000
2026-06-20 17:00:23 [INFO   ] 🕒 NTP syncing to stdtime.gov.hk...
2026-06-20 17:00:28 [WARN   ] ⚠️ NTP initial sync: error — No response received from stdtime.gov.hk.
2026-06-20 17:00:28 [INFO   ] 🔄 NTP auto-sync thread started (interval: 600s)
2026-06-20 17:00:41 [INFO   ] 🚀 Server running at http://localhost:8000
2026-06-20 17:00:41 [INFO   ] 🕒 NTP syncing to stdtime.gov.hk...
2026-06-20 17:00:46 [WARN   ] ⚠️ NTP initial sync: error — No response received from stdtime.gov.hk.
2026-06-20 17:00:46 [INFO   ] 🔄 NTP auto-sync thread started (interval: 600s)
